{
  "RSpec": {
    "coverage": {
      "/home/wadror/wadror/app/models/user.rb": [
        1,
        1,
        null,
        1,
        null,
        1,
        1,
        1,
        1,
        1,
        1,
        1,
        1,
        1,
        1,
        null,
        1,
        0,
        null,
        null,
        1,
        0,
        0,
        null,
        null,
        1,
        0,
        0,
        0,
        0,
        null,
        null,
        1,
        0,
        0,
        0,
        0,
        0,
        0,
        null,
        null
      ],
      "/home/wadror/wadror/lib/rating_average.rb": [
        1,
        1,
        0,
        0,
        0,
        null,
        null
      ],
      "/home/wadror/wadror/app/models/rating.rb": [
        1,
        1,
        1,
        null,
        1,
        null,
        null,
        null,
        1,
        0,
        null,
        null,
        null
      ],
      "/home/wadror/wadror/app/models/brewery.rb": [
        1,
        1,
        1,
        1,
        1,
        1,
        1,
        null,
        1,
        0,
        0,
        0,
        null,
        null,
        1,
        0,
        0,
        null,
        null,
        1,
        0,
        null,
        null,
        1,
        0,
        0,
        null,
        null,
        null
      ],
      "/home/wadror/wadror/app/models/beer.rb": [
        1,
        1,
        1,
        1,
        1,
        1,
        1,
        1,
        null,
        1,
        0,
        null,
        null
      ],
      "/home/wadror/wadror/app/helpers/application_helper.rb": [
        1,
        null
      ],
      "/home/wadror/wadror/app/helpers/beer_clubs_helper.rb": [
        1,
        null
      ],
      "/home/wadror/wadror/app/helpers/beers_helper.rb": [
        1,
        null
      ],
      "/home/wadror/wadror/app/helpers/breweries_helper.rb": [
        1,
        null
      ],
      "/home/wadror/wadror/app/helpers/memberships_helper.rb": [
        1,
        null
      ],
      "/home/wadror/wadror/app/helpers/users_helper.rb": [
        1,
        null
      ],
      "/home/wadror/wadror/lib/beermapping_api.rb": [
        1,
        1,
        4,
        7,
        null,
        null,
        1,
        null,
        1,
        3,
        3,
        null,
        3,
        null,
        2,
        null,
        2,
        null,
        2,
        2,
        3,
        null,
        null,
        null,
        1,
        3,
        null,
        null
      ],
      "/home/wadror/wadror/app/models/place.rb": [
        1,
        1,
        null,
        1,
        null,
        1,
        0,
        null,
        null
      ]
    },
    "timestamp": 1423770134
  }
}
